#
# Bootimage construction script
#
# glue module specifies main module
# module paths are relative to base path given to mkbootimage

glue:glue.sys

# root_domain performs startup construction
# namespace for root_domain will be amended to include references to all the following modules too

root_domain:modules/root_domain/root_domain.comp
name.sp>value
name.sp2>value2

# other modules
frames_mod:modules/frames_mod/frames_mod.comp
mmu_mod:modules/mmu_mod/mmu_mod.comp
heap_mod:modules/heap_mod/heap_mod.comp
stretch_allocator_mod:modules/stretch_allocator_mod/stretch_allocator_mod.comp
stretch_table_mod:modules/stretch_table_mod/stretch_table_mod.comp
stretch_driver_mod:modules/stretch_driver_mod/stretch_driver_mod.comp
exceptions_mod:modules/exceptions_mod/exceptions_mod.comp
hashtables_mod:modules/hashtables_mod/hashtables_mod.comp
typesystem_mod:modules/typesystem_mod/typesystem_mod.comp
